app/build/intermediates/manifest_merge_blame_file/debug/manifest-merger-blame-debug-report.txt
1<?xml version="1.0" encoding="utf-8"?>
2<manifest xmlns:android="http://schemas.android.com/apk/res/android"
3    package="com.example.andorid.droidcafeinput"
4    android:versionCode="1"
5    android:versionName="1.0" >
6
7    <uses-sdk
8        android:minSdkVersion="15"
8-->src\main\AndroidManifest.xml
9        android:targetSdkVersion="29" />
9-->src\main\AndroidManifest.xml
10
11    <application
11-->src\main\AndroidManifest.xml:5:5-28:19
12        android:allowBackup="true"
12-->src\main\AndroidManifest.xml:6:9-35
13        android:appComponentFactory="androidx.core.app.CoreComponentFactory"
13-->[androidx.core:core:1.0.1] AndroidManifest.xml:22:18-86
14        android:debuggable="true"
15        android:icon="@mipmap/ic_launcher"
15-->src\main\AndroidManifest.xml:7:9-43
16        android:label="@string/app_name"
16-->src\main\AndroidManifest.xml:8:9-41
17        android:roundIcon="@mipmap/ic_launcher_round"
17-->src\main\AndroidManifest.xml:9:9-54
18        android:supportsRtl="true"
18-->src\main\AndroidManifest.xml:10:9-35
19        android:testOnly="true"
20        android:theme="@style/AppTheme" >
20-->src\main\AndroidManifest.xml:11:9-40
21        <activity
21-->src\main\AndroidManifest.xml:12:9-17:20
22            android:name="com.example.andorid.droidcafeinput.OrderActivity"
22-->src\main\AndroidManifest.xml:12:19-82
23            android:label="@string/title_activity_order"
23-->src\main\AndroidManifest.xml:13:13-57
24            android:parentActivityName="com.example.andorid.droidcafeinput.MainActivity" >
24-->src\main\AndroidManifest.xml:14:13-55
25            <meta-data
25-->src\main\AndroidManifest.xml:15:13-16:49
26                android:name="android.support.PARENT_ACTIVITY"
26-->src\main\AndroidManifest.xml:15:24-70
27                android:value=".MainActivity" />
27-->src\main\AndroidManifest.xml:16:17-46
28        </activity>
29        <activity
29-->src\main\AndroidManifest.xml:18:9-27:20
30            android:name="com.example.andorid.droidcafeinput.MainActivity"
30-->src\main\AndroidManifest.xml:19:13-75
31            android:label="@string/app_name"
31-->src\main\AndroidManifest.xml:20:13-45
32            android:theme="@style/AppTheme.NoActionBar" >
32-->src\main\AndroidManifest.xml:21:13-56
33            <intent-filter>
33-->src\main\AndroidManifest.xml:22:13-26:29
34                <action android:name="android.intent.action.MAIN" />
34-->src\main\AndroidManifest.xml:23:17-69
34-->src\main\AndroidManifest.xml:23:25-66
35
36                <category android:name="android.intent.category.LAUNCHER" />
36-->src\main\AndroidManifest.xml:25:17-77
36-->src\main\AndroidManifest.xml:25:27-74
37            </intent-filter>
38        </activity>
39    </application>
40
41</manifest>